Unity Editor version:    6000.1.0f1 (9ea152932a88)
Branch:                  6000.1/staging
Build type:              Release
Batch mode:              YES
macOS version:           Version 15.5 (Build 24F74)
Darwin version:          24.5.0
Architecture:            arm64
Running under Rosetta:   NO
Available memory:        16384 MB
Date:                    2025-06-09T13:05:29Z
Using pre-set license
Pro License: YES

COMMAND LINE ARGUMENTS:
/Applications/Unity/Hub/Editor/6000.1.0f1/Unity.app/Contents/MacOS/Unity
-adb2
-batchMode
-noUpm
-name
AssetImportWorker0
-projectPath
/Users/dynamic_daikon/git/private/soundNovel/project
-logFile
Logs/AssetImportWorker0.log
-srvPort
51531
-job-worker-count
4
-background-job-worker-count
8
-gc-helper-count
1
-name AssetImport
Successfully changed project path to: /Users/dynamic_daikon/git/private/soundNovel/project
/Users/dynamic_daikon/git/private/soundNovel/project
[UnityMemory] Configuration Parameters - Can be set up in boot.config
    "memorysetup-allocator-temp-initial-block-size-main=262144"
    "memorysetup-allocator-temp-initial-block-size-worker=262144"
    "memorysetup-bucket-allocator-granularity=16"
    "memorysetup-bucket-allocator-bucket-count=8"
    "memorysetup-bucket-allocator-block-size=33554432"
    "memorysetup-bucket-allocator-block-count=8"
    "memorysetup-main-allocator-block-size=16777216"
    "memorysetup-thread-allocator-block-size=16777216"
    "memorysetup-gfx-main-allocator-block-size=16777216"
    "memorysetup-gfx-thread-allocator-block-size=16777216"
    "memorysetup-cache-allocator-block-size=4194304"
    "memorysetup-typetree-allocator-block-size=2097152"
    "memorysetup-profiler-bucket-allocator-granularity=16"
    "memorysetup-profiler-bucket-allocator-bucket-count=8"
    "memorysetup-profiler-bucket-allocator-block-size=33554432"
    "memorysetup-profiler-bucket-allocator-block-count=8"
    "memorysetup-profiler-allocator-block-size=16777216"
    "memorysetup-profiler-editor-allocator-block-size=1048576"
    "memorysetup-temp-allocator-size-main=16777216"
    "memorysetup-job-temp-allocator-block-size=2097152"
    "memorysetup-job-temp-allocator-block-size-background=1048576"
    "memorysetup-job-temp-allocator-reduction-small-platforms=262144"
    "memorysetup-temp-allocator-size-background-worker=32768"
    "memorysetup-temp-allocator-size-job-worker=262144"
    "memorysetup-temp-allocator-size-preload-manager=33554432"
    "memorysetup-temp-allocator-size-nav-mesh-worker=65536"
    "memorysetup-temp-allocator-size-audio-worker=65536"
    "memorysetup-temp-allocator-size-cloud-worker=32768"
    "memorysetup-temp-allocator-size-gi-baking-worker=262144"
    "memorysetup-temp-allocator-size-gi-baking-worker=262144"
    "memorysetup-temp-allocator-size-gi-baking-worker=262144"
    "memorysetup-temp-allocator-size-gi-baking-worker=262144"
    "memorysetup-temp-allocator-size-gi-baking-worker=262144"
    "memorysetup-temp-allocator-size-gfx=262144"
Player connection [8415846144]  Target information:

Player connection [8415846144]  * "[IP] 192.168.3.29 [Port] 0 [Flags] 2 [Guid] 153629466 [EditorId] 153629466 [Version] 1048832 [Id] OSXEditor(0,TakumanoMacBook-Pro.local) [Debug] 1 [PackageName] OSXEditor [ProjectName] Editor" 

Player connection [8415846144] Host joined multi-casting on [225.0.0.222:54997]...
Player connection [8415846144] Host joined alternative multi-casting on [225.0.0.222:34997]...
JobSystem: Creating JobQueue using job-worker-count value 4
Input System module state changed to: Initialized.
[Physics::Module] Initialized fallback backend.
[Physics::Module] Id: 0xdecafbad
Library Redirect Path: Library/
[Physics::Module] Selected backend.
[Physics::Module] Name: PhysX
[Physics::Module] Id: 0xf2b8ea05
[Physics::Module] SDK Version: 4.1.2
[Physics::Module] Integration Version: 1.0.0
[Physics::Module] Threading Mode: Multi-Threaded
Refreshing native plugins compatible for Editor in 8.07 ms, found 3 plugins.
Preloading 0 native plugins for Editor in 0.00 ms.
Initialize engine version: 6000.1.0f1 (9ea152932a88)
[Subsystems] Discovering subsystems at path /Applications/Unity/Hub/Editor/6000.1.0f1/Unity.app/Contents/Resources/UnitySubsystems
[Subsystems] Discovering subsystems at path /Users/dynamic_daikon/git/private/soundNovel/project/Assets
GfxDevice: creating device client; kGfxThreadingModeNonThreaded
 preferred device: Apple M1 Pro (high power)
Metal devices available: 1
0: Apple M1 Pro (high power)
Using device Apple M1 Pro (high power)
Initializing Metal device caps: Apple M1 Pro
Initialize mono
Mono path[0] = '/Applications/Unity/Hub/Editor/6000.1.0f1/Unity.app/Contents/Managed'
Mono path[1] = '/Applications/Unity/Hub/Editor/6000.1.0f1/Unity.app/Contents/MonoBleedingEdge/lib/mono/unityjit-macos'
Mono config path = '/Applications/Unity/Hub/Editor/6000.1.0f1/Unity.app/Contents/MonoBleedingEdge/etc'
Using monoOptions --debugger-agent=transport=dt_socket,embedding=1,server=y,suspend=n,address=127.0.0.1:56024
Begin MonoManager ReloadAssembly
Registering precompiled unity dll's ...
Register platform support module: /Applications/Unity/Hub/Editor/6000.1.0f1/Unity.app/Contents/PlaybackEngines/MacStandaloneSupport/UnityEditor.OSXStandalone.Extensions.dll
Registered in 0.000731 seconds.
- Loaded All Assemblies, in  0.342 seconds
Native extension for OSXStandalone target not found
Mono: successfully reloaded assembly
- Finished resetting the current domain, in  0.275 seconds
Domain Reload Profiling: 617ms
	BeginReloadAssembly (142ms)
		ExecutionOrderSort (0ms)
		DisableScriptedObjects (0ms)
		BackupInstance (0ms)
		ReleaseScriptingObjects (0ms)
		CreateAndSetChildDomain (0ms)
	RebuildCommonClasses (30ms)
	RebuildNativeTypeToScriptingClass (10ms)
	initialDomainReloadingComplete (33ms)
	LoadAllAssembliesAndSetupDomain (126ms)
		LoadAssemblies (143ms)
		RebuildTransferFunctionScriptingTraits (0ms)
		AnalyzeDomain (123ms)
			TypeCache.Refresh (122ms)
				TypeCache.ScanAssembly (110ms)
			BuildScriptInfoCaches (0ms)
			ResolveRequiredComponents (0ms)
	FinalizeReload (275ms)
		ReleaseScriptCaches (0ms)
		RebuildScriptCaches (0ms)
		SetupLoadedEditorAssemblies (242ms)
			LogAssemblyErrors (0ms)
			InitializePlatformSupportModulesInManaged (34ms)
			SetLoadedEditorAssemblies (4ms)
			BeforeProcessingInitializeOnLoad (42ms)
			ProcessInitializeOnLoadAttributes (101ms)
			ProcessInitializeOnLoadMethodAttributes (62ms)
			AfterProcessingInitializeOnLoad (0ms)
			EditorAssembliesLoaded (0ms)
		ExecutionOrderSort2 (0ms)
		AwakeInstancesAfterBackupRestoration (0ms)
========================================================================
Worker process is ready to serve import requests
Import Worker Mode flag is 0x00
Begin MonoManager ReloadAssembly
- Loaded All Assemblies, in  0.671 seconds
Refreshing native plugins compatible for Editor in 0.41 ms, found 3 plugins.
Native extension for OSXStandalone target not found
Mono: successfully reloaded assembly
- Finished resetting the current domain, in  0.600 seconds
Domain Reload Profiling: 1267ms
	BeginReloadAssembly (121ms)
		ExecutionOrderSort (0ms)
		DisableScriptedObjects (4ms)
		BackupInstance (0ms)
		ReleaseScriptingObjects (0ms)
		CreateAndSetChildDomain (26ms)
	RebuildCommonClasses (36ms)
	RebuildNativeTypeToScriptingClass (10ms)
	initialDomainReloadingComplete (24ms)
	LoadAllAssembliesAndSetupDomain (476ms)
		LoadAssemblies (346ms)
		RebuildTransferFunctionScriptingTraits (0ms)
		AnalyzeDomain (199ms)
			TypeCache.Refresh (155ms)
				TypeCache.ScanAssembly (140ms)
			BuildScriptInfoCaches (35ms)
			ResolveRequiredComponents (7ms)
	FinalizeReload (601ms)
		ReleaseScriptCaches (0ms)
		RebuildScriptCaches (0ms)
		SetupLoadedEditorAssemblies (489ms)
			LogAssemblyErrors (0ms)
			InitializePlatformSupportModulesInManaged (2ms)
			SetLoadedEditorAssemblies (3ms)
			BeforeProcessingInitializeOnLoad (87ms)
			ProcessInitializeOnLoadAttributes (296ms)
			ProcessInitializeOnLoadMethodAttributes (100ms)
			AfterProcessingInitializeOnLoad (1ms)
			EditorAssembliesLoaded (0ms)
		ExecutionOrderSort2 (0ms)
		AwakeInstancesAfterBackupRestoration (2ms)
WARNING: Shader Unsupported: 'Universal Render Pipeline/VR/SpatialMapping/Wireframe' - All subshaders removed
WARNING: Shader Did you use #pragma only_renderers and omit this platform?
WARNING: Shader If subshaders removal was intentional, you may have forgotten turning Fallback off?
WARNING: Shader Unsupported: 'Universal Render Pipeline/VR/SpatialMapping/Wireframe' - All subshaders removed
WARNING: Shader Did you use #pragma only_renderers and omit this platform?
WARNING: Shader If subshaders removal was intentional, you may have forgotten turning Fallback off?
Launching external process: /Applications/Unity/Hub/Editor/6000.1.0f1/Unity.app/Contents/Tools/UnityShaderCompiler
Launched and connected shader compiler UnityShaderCompiler after 0.06 seconds
Refreshing native plugins compatible for Editor in 4.02 ms, found 3 plugins.
Preloading 0 native plugins for Editor in 0.00 ms.
Unloading 217 Unused Serialized files (Serialized files now loaded: 0)
Unloading 6595 unused Assets / (4.4 MB). Loaded Objects now: 7306.
Memory consumption went from 175.4 MB to 171.0 MB.
Total: 7.193667 ms (FindLiveObjects: 0.374292 ms CreateObjectMapping: 0.259959 ms MarkObjects: 4.512666 ms  DeleteObjects: 2.045833 ms)

========================================================================
Received Import Request.
  Time since last request: 581218.917889 seconds.
  path: Assets/素材/背景
  artifactKey: Guid(7659f96ab4810467e98cf50fca439e1c) Importer(815301076,1909f56bfc062723c751e8b465ee728b)
Start importing Assets/素材/背景 using Guid(7659f96ab4810467e98cf50fca439e1c) Importer(815301076,1909f56bfc062723c751e8b465ee728b) (PreviewImporter) -> (artifact id: 'b44fc86d95a765f145fe010746184697') in 0.003964 seconds
Number of updated asset objects reloaded before import = 0Number of asset objects unloaded after import = 0

========================================================================
Received Import Request.
  Time since last request: 0.000535 seconds.
  path: Assets/素材/キャラクター
  artifactKey: Guid(bcf8eb7dc14204f168260159265dae5e) Importer(815301076,1909f56bfc062723c751e8b465ee728b)
Start importing Assets/素材/キャラクター using Guid(bcf8eb7dc14204f168260159265dae5e) Importer(815301076,1909f56bfc062723c751e8b465ee728b) (PreviewImporter) -> (artifact id: '15783ff1c820f1f2d44dd19837d46af6') in 0.000305291 seconds
Number of updated asset objects reloaded before import = 0Number of asset objects unloaded after import = 0

========================================================================
Received Import Request.
  Time since last request: 0.000088 seconds.
  path: Assets/素材/音楽/fuuin-zinja.mp3
  artifactKey: Guid(001f1e64213984f38bb42fbcd792cb22) Importer(815301076,1909f56bfc062723c751e8b465ee728b)
Start importing Assets/素材/音楽/fuuin-zinja.mp3 using Guid(001f1e64213984f38bb42fbcd792cb22) Importer(815301076,1909f56bfc062723c751e8b465ee728b) (PreviewImporter) -> (artifact id: 'c6a102aa00ef3c0b23be8b14e833c257') in 0.154604917 seconds
Number of updated asset objects reloaded before import = 0Number of asset objects unloaded after import = 2

========================================================================
Received Import Request.
  Time since last request: 12.268021 seconds.
  path: Assets/素材/背景/神社｜みんちりえ
  artifactKey: Guid(0ed79625988184213a65f0991bd057a2) Importer(815301076,1909f56bfc062723c751e8b465ee728b)
Start importing Assets/素材/背景/神社｜みんちりえ using Guid(0ed79625988184213a65f0991bd057a2) Importer(815301076,1909f56bfc062723c751e8b465ee728b) (PreviewImporter) -> (artifact id: '8cf3c38ffad604e79fae90e44dfcc024') in 0.000374792 seconds
Number of updated asset objects reloaded before import = 0Number of asset objects unloaded after import = 0

========================================================================
Received Import Request.
  Time since last request: 0.721357 seconds.
  path: Assets/素材/背景/神社｜みんちりえ/神社（夕方）.jpg
  artifactKey: Guid(8cab6b051f1244f59acdd3d37c880197) Importer(815301076,1909f56bfc062723c751e8b465ee728b)
Start importing Assets/素材/背景/神社｜みんちりえ/神社（夕方）.jpg using Guid(8cab6b051f1244f59acdd3d37c880197) Importer(815301076,1909f56bfc062723c751e8b465ee728b) (PreviewImporter) -> (artifact id: '2c73f423fd3e4eb89f3078aa009b4ba4') in 0.037469041 seconds
Number of updated asset objects reloaded before import = 0Number of asset objects unloaded after import = 3

========================================================================
Received Import Request.
  Time since last request: 0.778968 seconds.
  path: Assets/素材/背景/神社｜みんちりえ/神社（夜・照明OFF）.jpg
  artifactKey: Guid(ff34a7524a3c84197b92d29ca9a95e68) Importer(815301076,1909f56bfc062723c751e8b465ee728b)
Start importing Assets/素材/背景/神社｜みんちりえ/神社（夜・照明OFF）.jpg using Guid(ff34a7524a3c84197b92d29ca9a95e68) Importer(815301076,1909f56bfc062723c751e8b465ee728b) (PreviewImporter) -> (artifact id: 'c13be282b94ccd511923b55066ca9b1c') in 0.015419667 seconds
Number of updated asset objects reloaded before import = 0Number of asset objects unloaded after import = 3

========================================================================
Received Import Request.
  Time since last request: 0.721845 seconds.
  path: Assets/素材/背景/神社｜みんちりえ/神社（夜・照明ON）.jpg
  artifactKey: Guid(cb43e7d006f434e7b81ebe3088bf4c2a) Importer(815301076,1909f56bfc062723c751e8b465ee728b)
Start importing Assets/素材/背景/神社｜みんちりえ/神社（夜・照明ON）.jpg using Guid(cb43e7d006f434e7b81ebe3088bf4c2a) Importer(815301076,1909f56bfc062723c751e8b465ee728b) (PreviewImporter) -> (artifact id: '663c7d452c151fb951aaf368cb12b95c') in 0.013224375 seconds
Number of updated asset objects reloaded before import = 0Number of asset objects unloaded after import = 3

========================================================================
Received Import Request.
  Time since last request: 0.585918 seconds.
  path: Assets/素材/背景/神社｜みんちりえ/神社（日中）.jpg
  artifactKey: Guid(9bd1a6fa6f41e4ac1b6d8e3b04558a95) Importer(815301076,1909f56bfc062723c751e8b465ee728b)
Start importing Assets/素材/背景/神社｜みんちりえ/神社（日中）.jpg using Guid(9bd1a6fa6f41e4ac1b6d8e3b04558a95) Importer(815301076,1909f56bfc062723c751e8b465ee728b) (PreviewImporter) -> (artifact id: 'f08cb656650f61be044e58ba0a82cbfb') in 0.013341541 seconds
Number of updated asset objects reloaded before import = 0Number of asset objects unloaded after import = 3

========================================================================
Received Import Request.
  Time since last request: 976.144632 seconds.
  path: Assets/素材/フォント
  artifactKey: Guid(739022d032d5743e493f6a725690fde1) Importer(815301076,1909f56bfc062723c751e8b465ee728b)
Start importing Assets/素材/フォント using Guid(739022d032d5743e493f6a725690fde1) Importer(815301076,1909f56bfc062723c751e8b465ee728b) (PreviewImporter) -> (artifact id: 'a7ec68fff706d4568085e0ed79cc9439') in 0.00103975 seconds
Number of updated asset objects reloaded before import = 0Number of asset objects unloaded after import = 0

========================================================================
Received Import Request.
  Time since last request: 0.904188 seconds.
  path: Assets/素材/フォント/YDW_bananaslip_plus_240809
  artifactKey: Guid(5f0f36fd9b1f746eeba4e158e44649ac) Importer(815301076,1909f56bfc062723c751e8b465ee728b)
Start importing Assets/素材/フォント/YDW_bananaslip_plus_240809 using Guid(5f0f36fd9b1f746eeba4e158e44649ac) Importer(815301076,1909f56bfc062723c751e8b465ee728b) (PreviewImporter) -> (artifact id: '74d01fea042f86b3f284eb042cffc379') in 0.000412292 seconds
Number of updated asset objects reloaded before import = 0Number of asset objects unloaded after import = 0

========================================================================
Received Import Request.
  Time since last request: 0.901819 seconds.
  path: Assets/素材/フォント/YDW_bananaslip_plus_240809/bananaslip_plus_readme.txt
  artifactKey: Guid(cce24692d67cd4d75a1853f1fc272c9f) Importer(815301076,1909f56bfc062723c751e8b465ee728b)
Start importing Assets/素材/フォント/YDW_bananaslip_plus_240809/bananaslip_plus_readme.txt using Guid(cce24692d67cd4d75a1853f1fc272c9f) Importer(815301076,1909f56bfc062723c751e8b465ee728b) (PreviewImporter) -> (artifact id: '60414ecda371a5ed8d808d0f882e2ba8') in 0.009594875 seconds
Number of updated asset objects reloaded before import = 0Number of asset objects unloaded after import = 1

========================================================================
Received Import Request.
  Time since last request: 1.255945 seconds.
  path: Assets/素材/フォント/YDW_bananaslip_plus_240809/YDWbananaslipplus.otf
  artifactKey: Guid(754c45a3032474bef973d03baaa0aa90) Importer(815301076,1909f56bfc062723c751e8b465ee728b)
Start importing Assets/素材/フォント/YDW_bananaslip_plus_240809/YDWbananaslipplus.otf using Guid(754c45a3032474bef973d03baaa0aa90) Importer(815301076,1909f56bfc062723c751e8b465ee728b) (PreviewImporter) -> (artifact id: 'fbda70ccdfb2fb00425c09bf354e7134') in 0.443219791 seconds
Number of updated asset objects reloaded before import = 0Number of asset objects unloaded after import = 4

========================================================================
Received Import Request.
  Time since last request: 128.242667 seconds.
  path: Assets/素材/フォント/Noto_Sans_JP
  artifactKey: Guid(679e640e45d8b455d8d942473eb2b786) Importer(815301076,1909f56bfc062723c751e8b465ee728b)
Start importing Assets/素材/フォント/Noto_Sans_JP using Guid(679e640e45d8b455d8d942473eb2b786) Importer(815301076,1909f56bfc062723c751e8b465ee728b) (PreviewImporter) -> (artifact id: '180e74ef49d5be4d46fe1713d253afd0') in 0.0003505 seconds
Number of updated asset objects reloaded before import = 0Number of asset objects unloaded after import = 0

========================================================================
Received Import Request.
  Time since last request: 1.489738 seconds.
  path: Assets/素材/フォント/Noto_Sans_JP/NotoSansJP-VariableFont_wght.ttf
  artifactKey: Guid(8208079a495464263a129ec50e54c651) Importer(815301076,1909f56bfc062723c751e8b465ee728b)
Start importing Assets/素材/フォント/Noto_Sans_JP/NotoSansJP-VariableFont_wght.ttf using Guid(8208079a495464263a129ec50e54c651) Importer(815301076,1909f56bfc062723c751e8b465ee728b) (PreviewImporter) -> (artifact id: '84d99b024f7a11e93296d5902d17040a') in 0.01450425 seconds
Number of updated asset objects reloaded before import = 0Number of asset objects unloaded after import = 4

========================================================================
Received Import Request.
  Time since last request: 0.998062 seconds.
  path: Assets/素材/フォント/Noto_Sans_JP/OFL.txt
  artifactKey: Guid(54b2b182fcd5348a29abdcc388f58955) Importer(815301076,1909f56bfc062723c751e8b465ee728b)
Start importing Assets/素材/フォント/Noto_Sans_JP/OFL.txt using Guid(54b2b182fcd5348a29abdcc388f58955) Importer(815301076,1909f56bfc062723c751e8b465ee728b) (PreviewImporter) -> (artifact id: 'da2b6e811ccb9efd4665bc0ebb24ebe0') in 0.000687041 seconds
Number of updated asset objects reloaded before import = 0Number of asset objects unloaded after import = 1

========================================================================
Received Import Request.
  Time since last request: 0.504067 seconds.
  path: Assets/素材/フォント/Noto_Sans_JP/README.txt
  artifactKey: Guid(9c7293dc1d25f47e6b02423698e61931) Importer(815301076,1909f56bfc062723c751e8b465ee728b)
Start importing Assets/素材/フォント/Noto_Sans_JP/README.txt using Guid(9c7293dc1d25f47e6b02423698e61931) Importer(815301076,1909f56bfc062723c751e8b465ee728b) (PreviewImporter) -> (artifact id: 'c668af2135396267831678e9c2b541cd') in 0.000708333 seconds
Number of updated asset objects reloaded before import = 0Number of asset objects unloaded after import = 1

========================================================================
Received Import Request.
  Time since last request: 0.118241 seconds.
  path: Assets/素材/フォント/Noto_Sans_JP/static
  artifactKey: Guid(37591e2feb4e84f948ddf053c8f3eebc) Importer(815301076,1909f56bfc062723c751e8b465ee728b)
Start importing Assets/素材/フォント/Noto_Sans_JP/static using Guid(37591e2feb4e84f948ddf053c8f3eebc) Importer(815301076,1909f56bfc062723c751e8b465ee728b) (PreviewImporter) -> (artifact id: '3f3deb376940c0891ea142d5bc1dac86') in 0.000332792 seconds
Number of updated asset objects reloaded before import = 0Number of asset objects unloaded after import = 0

========================================================================
Received Import Request.
  Time since last request: 46.804122 seconds.
  path: Assets
  artifactKey: Guid(00000000000000001000000000000000) Importer(815301076,1909f56bfc062723c751e8b465ee728b)
Start importing Assets using Guid(00000000000000001000000000000000) Importer(815301076,1909f56bfc062723c751e8b465ee728b) (PreviewImporter) -> (artifact id: 'c391582d739b6e62a5220f35cbb167ac') in 0.000792291 seconds
Number of updated asset objects reloaded before import = 0Number of asset objects unloaded after import = 0

========================================================================
Received Import Request.
  Time since last request: 3.877681 seconds.
  path: Assets/Fonts
  artifactKey: Guid(10cb4b0205c96435eade34fee95431ba) Importer(815301076,1909f56bfc062723c751e8b465ee728b)
Start importing Assets/Fonts using Guid(10cb4b0205c96435eade34fee95431ba) Importer(815301076,1909f56bfc062723c751e8b465ee728b) (PreviewImporter) -> (artifact id: '9e60fbab2db0f113e04161d24faec08b') in 0.000513083 seconds
Number of updated asset objects reloaded before import = 0Number of asset objects unloaded after import = 0

========================================================================
Received Import Request.
  Time since last request: 281.397157 seconds.
  path: Assets/Settings
  artifactKey: Guid(0220aab0833d04faeb927d84ca6cc40c) Importer(815301076,1909f56bfc062723c751e8b465ee728b)
Start importing Assets/Settings using Guid(0220aab0833d04faeb927d84ca6cc40c) Importer(815301076,1909f56bfc062723c751e8b465ee728b) (PreviewImporter) -> (artifact id: '62508b3dd32630cf358da27d8a59d33e') in 0.00032425 seconds
Number of updated asset objects reloaded before import = 0Number of asset objects unloaded after import = 0

========================================================================
Received Import Request.
  Time since last request: 4.368297 seconds.
  path: Assets/Scenes
  artifactKey: Guid(109e9bdd0fcc649c5bc59085c35bdc83) Importer(815301076,1909f56bfc062723c751e8b465ee728b)
Start importing Assets/Scenes using Guid(109e9bdd0fcc649c5bc59085c35bdc83) Importer(815301076,1909f56bfc062723c751e8b465ee728b) (PreviewImporter) -> (artifact id: 'afdff4c3a2fdaa6f8b2ca806ac4aa93d') in 0.00033275 seconds
Number of updated asset objects reloaded before import = 0Number of asset objects unloaded after import = 0

========================================================================
Received Import Request.
  Time since last request: 183.578571 seconds.
  path: Assets/TextMesh Pro/Resources/Fonts & Materials/LiberationSans SDF.asset
  artifactKey: Guid(8f586378b4e144a9851e7b34d9b748ee) Importer(815301076,1909f56bfc062723c751e8b465ee728b)
Start importing Assets/TextMesh Pro/Resources/Fonts & Materials/LiberationSans SDF.asset using Guid(8f586378b4e144a9851e7b34d9b748ee) Importer(815301076,1909f56bfc062723c751e8b465ee728b) (PreviewImporter) -> (artifact id: '0682e85f46582babca310006b0567fdf') in 0.180249459 seconds
Number of updated asset objects reloaded before import = 0Number of asset objects unloaded after import = 10

========================================================================
Received Import Request.
  Time since last request: 23.237402 seconds.
  path: Assets/Fonts/YDW_bananaslip_plus_240809/YDWbananaslipplus SDF.asset
  artifactKey: Guid(d3b76300f4e1841acbda81baf628e4a0) Importer(815301076,1909f56bfc062723c751e8b465ee728b)
Start importing Assets/Fonts/YDW_bananaslip_plus_240809/YDWbananaslipplus SDF.asset using Guid(d3b76300f4e1841acbda81baf628e4a0) Importer(815301076,1909f56bfc062723c751e8b465ee728b) (PreviewImporter)Shader 'TextMeshPro/Distance Field': fallback shader 'TextMeshPro/Mobile/Distance Field' not found
 -> (artifact id: 'd362388cfea9785ae0120a1cbcb62cf0') in 0.106221958 seconds
Number of updated asset objects reloaded before import = 0Number of asset objects unloaded after import = 7

========================================================================
Received Import Request.
  Time since last request: 207.599086 seconds.
  path: Assets/Fonts/Noto_Sans_JP/NotoSansJP-VariableFont_wght SDF.asset
  artifactKey: Guid(20a411e0b4cba47d9838d2e7e03770ae) Importer(815301076,1909f56bfc062723c751e8b465ee728b)
Start importing Assets/Fonts/Noto_Sans_JP/NotoSansJP-VariableFont_wght SDF.asset using Guid(20a411e0b4cba47d9838d2e7e03770ae) Importer(815301076,1909f56bfc062723c751e8b465ee728b) (PreviewImporter)Shader 'TextMeshPro/Distance Field': fallback shader 'TextMeshPro/Mobile/Distance Field' not found
 -> (artifact id: '5d26ad4491933039a3230f8dc01425dc') in 0.034190333 seconds
Number of updated asset objects reloaded before import = 0Number of asset objects unloaded after import = 7

========================================================================
Received Import Request.
  Time since last request: 102.472403 seconds.
  path: Assets/TextMesh Pro
  artifactKey: Guid(f54d1bd14bd3ca042bd867b519fee8cc) Importer(815301076,1909f56bfc062723c751e8b465ee728b)
Start importing Assets/TextMesh Pro using Guid(f54d1bd14bd3ca042bd867b519fee8cc) Importer(815301076,1909f56bfc062723c751e8b465ee728b) (PreviewImporter) -> (artifact id: '441aa3e92cda27c68af8a1706ee847ab') in 0.000414125 seconds
Number of updated asset objects reloaded before import = 0Number of asset objects unloaded after import = 0

========================================================================
Received Import Request.
  Time since last request: 287.197551 seconds.
  path: Assets/Fonts/Noto_Sans_JP/static/NotoSansJP-Regular.ttf
  artifactKey: Guid(a24a1a2167b034f7f91e872252cb015a) Importer(815301076,1909f56bfc062723c751e8b465ee728b)
Start importing Assets/Fonts/Noto_Sans_JP/static/NotoSansJP-Regular.ttf using Guid(a24a1a2167b034f7f91e872252cb015a) Importer(815301076,1909f56bfc062723c751e8b465ee728b) (PreviewImporter) -> (artifact id: '8d2157ac43f508f085008f63a7251213') in 0.03350925 seconds
Number of updated asset objects reloaded before import = 0Number of asset objects unloaded after import = 4

========================================================================
Received Import Request.
  Time since last request: 0.000441 seconds.
  path: Assets/Fonts/Noto_Sans_JP/static/NotoSansJP-Thin.ttf
  artifactKey: Guid(a18e9e8bc10664df396eb5f9e2d87f30) Importer(815301076,1909f56bfc062723c751e8b465ee728b)
Start importing Assets/Fonts/Noto_Sans_JP/static/NotoSansJP-Thin.ttf using Guid(a18e9e8bc10664df396eb5f9e2d87f30) Importer(815301076,1909f56bfc062723c751e8b465ee728b) (PreviewImporter) -> (artifact id: 'ede23cb862dbce1782d0023fb0a2c3f7') in 0.011500959 seconds
Number of updated asset objects reloaded before import = 0Number of asset objects unloaded after import = 4

========================================================================
Received Prepare
Begin MonoManager ReloadAssembly
Thread 0x33c787000 may have been prematurely finalized
- Loaded All Assemblies, in  0.652 seconds
Refreshing native plugins compatible for Editor in 2.32 ms, found 3 plugins.
Native extension for OSXStandalone target not found
Mono: successfully reloaded assembly
- Finished resetting the current domain, in  0.544 seconds
Domain Reload Profiling: 1198ms
	BeginReloadAssembly (198ms)
		ExecutionOrderSort (0ms)
		DisableScriptedObjects (24ms)
		BackupInstance (0ms)
		ReleaseScriptingObjects (0ms)
		CreateAndSetChildDomain (74ms)
	RebuildCommonClasses (31ms)
	RebuildNativeTypeToScriptingClass (10ms)
	initialDomainReloadingComplete (21ms)
	LoadAllAssembliesAndSetupDomain (395ms)
		LoadAssemblies (310ms)
		RebuildTransferFunctionScriptingTraits (0ms)
		AnalyzeDomain (144ms)
			TypeCache.Refresh (9ms)
				TypeCache.ScanAssembly (0ms)
			BuildScriptInfoCaches (125ms)
			ResolveRequiredComponents (8ms)
	FinalizeReload (544ms)
		ReleaseScriptCaches (0ms)
		RebuildScriptCaches (0ms)
		SetupLoadedEditorAssemblies (404ms)
			LogAssemblyErrors (0ms)
			InitializePlatformSupportModulesInManaged (1ms)
			SetLoadedEditorAssemblies (4ms)
			BeforeProcessingInitializeOnLoad (89ms)
			ProcessInitializeOnLoadAttributes (263ms)
			ProcessInitializeOnLoadMethodAttributes (45ms)
			AfterProcessingInitializeOnLoad (1ms)
			EditorAssembliesLoaded (0ms)
		ExecutionOrderSort2 (0ms)
		AwakeInstancesAfterBackupRestoration (8ms)
WARNING: Shader Unsupported: 'Universal Render Pipeline/VR/SpatialMapping/Wireframe' - All subshaders removed
WARNING: Shader Did you use #pragma only_renderers and omit this platform?
WARNING: Shader If subshaders removal was intentional, you may have forgotten turning Fallback off?
WARNING: Shader Unsupported: 'Universal Render Pipeline/VR/SpatialMapping/Wireframe' - All subshaders removed
WARNING: Shader Did you use #pragma only_renderers and omit this platform?
WARNING: Shader If subshaders removal was intentional, you may have forgotten turning Fallback off?
Refreshing native plugins compatible for Editor in 1.02 ms, found 3 plugins.
Preloading 0 native plugins for Editor in 0.00 ms.
Unloading 28 Unused Serialized files (Serialized files now loaded: 0)
Unloading 6605 unused Assets / (5.1 MB). Loaded Objects now: 7388.
Memory consumption went from 157.4 MB to 152.3 MB.
Total: 6.817791 ms (FindLiveObjects: 0.317667 ms CreateObjectMapping: 0.168208 ms MarkObjects: 4.028709 ms  DeleteObjects: 2.302666 ms)

Prepare: number of updated asset objects reloaded= 0
========================================================================
Received Import Request.
  Time since last request: 177.476481 seconds.
  path: Assets/Fonts/YDW_bananaslip_plus_240809/YDWbananaslipplus SDF.asset
  artifactKey: Guid(d3b76300f4e1841acbda81baf628e4a0) Importer(815301076,1909f56bfc062723c751e8b465ee728b)
Start importing Assets/Fonts/YDW_bananaslip_plus_240809/YDWbananaslipplus SDF.asset using Guid(d3b76300f4e1841acbda81baf628e4a0) Importer(815301076,1909f56bfc062723c751e8b465ee728b) (PreviewImporter) -> (artifact id: '3ce4a9772fa359421b8f13c05928d648') in 0.313438042 seconds
Number of updated asset objects reloaded before import = 0Number of asset objects unloaded after import = 6

